<?xml version="1.0" encoding="UTF-8"?>
<testng-results skipped="0" failed="0" total="2" passed="2">
  <reporter-output>
  </reporter-output>
  <suite name="Example.NewTest" duration-ms="115568" started-at="2016-06-17T06:50:29Z" finished-at="2016-06-17T06:52:24Z">
    <groups>
    </groups>
    <test name="Command line test" duration-ms="115568" started-at="2016-06-17T06:50:29Z" finished-at="2016-06-17T06:52:24Z">
      <class name="Example.NewTest">
        <test-method status="PASS" signature="beforeTest()[pri:0, instance:Example.NewTest@6bf256fa]" name="beforeTest" is-config="true" duration-ms="11548" started-at="2016-06-17T12:20:29Z" finished-at="2016-06-17T12:20:40Z">
          <reporter-output>
          </reporter-output>
        </test-method> <!-- beforeTest -->
        <test-method status="PASS" signature="login()[pri:0, instance:Example.NewTest@6bf256fa]" name="login" duration-ms="60578" started-at="2016-06-17T12:20:40Z" finished-at="2016-06-17T12:21:41Z">
          <reporter-output>
          </reporter-output>
        </test-method> <!-- login -->
        <test-method status="PASS" signature="HomePage()[pri:0, instance:Example.NewTest@6bf256fa]" name="HomePage" duration-ms="42830" started-at="2016-06-17T12:21:41Z" finished-at="2016-06-17T12:22:24Z">
          <reporter-output>
          </reporter-output>
        </test-method> <!-- HomePage -->
        <test-method status="PASS" signature="afterTest()[pri:0, instance:Example.NewTest@6bf256fa]" name="afterTest" is-config="true" duration-ms="597" started-at="2016-06-17T12:22:24Z" finished-at="2016-06-17T12:22:24Z">
          <reporter-output>
          </reporter-output>
        </test-method> <!-- afterTest -->
      </class> <!-- Example.NewTest -->
    </test> <!-- Command line test -->
  </suite> <!-- Example.NewTest -->
</testng-results>
