<?xml version="1.0" encoding="UTF-8"?>
<!-- Generated by org.testng.reporters.JUnitXMLReporter -->
<testsuite hostname="NVUPKOOR-58LUQ" name="Default test" tests="1" failures="0" timestamp="16 Jun 2016 06:20:24 GMT" time="50.008" errors="0">
  <testcase name="@BeforeTest beforeTest" time="0.0" classname="Example.NewTest">
    <failure type="org.openqa.selenium.WebDriverException" message="Failed to connect to binary FirefoxBinary(C:\Program Files (x86)\Mozilla Firefox\firefox.exe) on port 7055; process output follows: 
,&amp;quot;app-system-defaults&amp;quot;:{&amp;quot;e10srollout@mozilla.org&amp;quot;:{&amp;quot;d&amp;quot;:&amp;quot;C:\\Program Files (x86)\\Mozilla Firefox\\browser\\features\\e10srollout@mozilla.org.xpi&amp;quot;,&amp;quot;e&amp;quot;:true,&amp;quot;v&amp;quot;:&amp;quot;1.0&amp;quot;,&amp;quot;st&amp;quot;:1465096322551},&amp;quot;firefox@getpocket.com&amp;quot;:{&amp;quot;d&amp;quot;:&amp;quot;C:\\Program Files (x86)\\Mozilla Firefox\\browser\\features\\firefox@getpocket.com.xpi&amp;quot;,&amp;quot;e&amp;quot;:true,&amp;quot;v&amp;quot;:&amp;quot;1.0.2&amp;quot;,&amp;quot;st&amp;quot;:1465096322601},&amp;quot;loop@mozilla.org&amp;quot;:{&amp;quot;d&amp;quot;:&amp;quot;C:\\Program Files (x86)\\Mozilla Firefox\\browser\\features\\loop@mozilla.org.xpi&amp;quot;,&amp;quot;e&amp;quot;:true,&amp;quot;v&amp;quot;:&amp;quot;1.3.2&amp;quot;,&amp;quot;st&amp;quot;:1465096322761}},&amp;quot;app-global&amp;quot;:{&amp;quot;{972ce4c6-7e08-4474-a285-3208198ce6fd}&amp;quot;:{&amp;quot;d&amp;quot;:&amp;quot;C:\\Program Files (x86)\\Mozilla Firefox\\browser\\extensions\\{972ce4c6-7e08-4474-a285-3208198ce6fd}.xpi&amp;quot;,&amp;quot;e&amp;quot;:true,&amp;quot;v&amp;quot;:&amp;quot;47.0&amp;quot;,&amp;quot;st&amp;quot;:1465096322549}}}
1466057978732	addons.xpi	DEBUG	No changes found
1466057978738	addons.xpi	DEBUG	Registering manifest for C:\Program Files (x86)\Mozilla Firefox\browser\features\e10srollout@mozilla.org.xpi
1466057978739	addons.xpi	DEBUG	Loading bootstrap scope from C:\Program Files (x86)\Mozilla Firefox\browser\features\e10srollout@mozilla.org.xpi
1466057978751	addons.xpi	DEBUG	Calling bootstrap method startup on e10srollout@mozilla.org version 1.0
1466057978752	addons.xpi	DEBUG	Registering manifest for C:\Program Files (x86)\Mozilla Firefox\browser\features\firefox@getpocket.com.xpi
1466057978753	addons.xpi	DEBUG	Loading bootstrap scope from C:\Program Files (x86)\Mozilla Firefox\browser\features\firefox@getpocket.com.xpi
1466057978757	addons.xpi	DEBUG	Calling bootstrap method startup on firefox@getpocket.com version 1.0.2
1466057978764	addons.xpi-utils	DEBUG	Starting async load of XPI database C:\Users\nvupkoor\AppData\Local\Temp\anonymous3242441964891497702webdriver-profile\extensions.json
1466057978765	addons.xpi	DEBUG	Registering manifest for C:\Program Files (x86)\Mozilla Firefox\browser\features\loop@mozilla.org.xpi
1466057978766	addons.xpi	DEBUG	Loading bootstrap scope from C:\Program Files (x86)\Mozilla Firefox\browser\features\loop@mozilla.org.xpi
1466057978771	addons.xpi	DEBUG	Calling bootstrap method startup on loop@mozilla.org version 1.3.2
1466057978792	addons.manager	DEBUG	Registering shutdown blocker for XPIProvider
1466057978792	addons.manager	DEBUG	Provider finished startup: XPIProvider
1466057978792	addons.manager	DEBUG	Starting provider: LightweightThemeManager
1466057978792	addons.manager	DEBUG	Registering shutdown blocker for LightweightThemeManager
1466057978793	addons.manager	DEBUG	Provider finished startup: LightweightThemeManager
1466057978793	addons.manager	DEBUG	Starting provider: GMPProvider
1466057978801	addons.manager	DEBUG	Registering shutdown blocker for GMPProvider
1466057978801	addons.manager	DEBUG	Provider finished startup: GMPProvider
1466057978801	addons.manager	DEBUG	Starting provider: PluginProvider
1466057978801	addons.manager	DEBUG	Registering shutdown blocker for PluginProvider
1466057978802	addons.manager	DEBUG	Provider finished startup: PluginProvider
1466057978802	addons.manager	DEBUG	Completed startup sequence
1466057979124	addons.xpi-utils	DEBUG	Async JSON file read took 0 MS
1466057979124	addons.xpi-utils	DEBUG	Finished async read of XPI database, parsing...
1466057979126	addons.xpi-utils	DEBUG	Successfully read XPI database
1466057979140	addons.manager	DEBUG	Starting provider: &amp;lt;unnamed-provider&amp;gt;
1466057979140	addons.manager	DEBUG	Registering shutdown blocker for &amp;lt;unnamed-provider&amp;gt;
1466057979141	addons.manager	DEBUG	Provider finished startup: &amp;lt;unnamed-provider&amp;gt;
*** Blocklist::_loadBlocklistFromFile: blocklist is disabled
1466057979292	addons.manager	DEBUG	Starting provider: PreviousExperimentProvider
1466057979292	addons.manager	DEBUG	Registering shutdown blocker for PreviousExperimentProvider
1466057979292	addons.manager	DEBUG	Provider finished startup: PreviousExperimentProvider
JavaScript warning: https://normandy.cdn.mozilla.net/static/js/bundles/selfrepair-7575f6d27445b45bcffb.js, line 9825: mutating the [[Prototype]] of an object will cause your code to run very slowly; instead create the object with the correct initial [[Prototype]] value using Object.create

Build info: version: &amp;apos;2.45.0&amp;apos;, revision: &amp;apos;5017cb8e7ca8e37638dc3091b2440b90a1d8686f&amp;apos;, time: &amp;apos;2015-02-27 09:10:26&amp;apos;
System info: host: &amp;apos;NVUPKOOR-58LUQ&amp;apos;, ip: &amp;apos;10.65.84.175&amp;apos;, os.name: &amp;apos;Windows 7&amp;apos;, os.arch: &amp;apos;amd64&amp;apos;, os.version: &amp;apos;6.1&amp;apos;, java.version: &amp;apos;1.8.0_77&amp;apos;
Driver info: driver.version: FirefoxDriver">
      <![CDATA[org.openqa.selenium.WebDriverException: Failed to connect to binary FirefoxBinary(C:\Program Files (x86)\Mozilla Firefox\firefox.exe) on port 7055; process output follows: 
,"app-system-defaults":{"e10srollout@mozilla.org":{"d":"C:\\Program Files (x86)\\Mozilla Firefox\\browser\\features\\e10srollout@mozilla.org.xpi","e":true,"v":"1.0","st":1465096322551},"firefox@getpocket.com":{"d":"C:\\Program Files (x86)\\Mozilla Firefox\\browser\\features\\firefox@getpocket.com.xpi","e":true,"v":"1.0.2","st":1465096322601},"loop@mozilla.org":{"d":"C:\\Program Files (x86)\\Mozilla Firefox\\browser\\features\\loop@mozilla.org.xpi","e":true,"v":"1.3.2","st":1465096322761}},"app-global":{"{972ce4c6-7e08-4474-a285-3208198ce6fd}":{"d":"C:\\Program Files (x86)\\Mozilla Firefox\\browser\\extensions\\{972ce4c6-7e08-4474-a285-3208198ce6fd}.xpi","e":true,"v":"47.0","st":1465096322549}}}
1466057978732	addons.xpi	DEBUG	No changes found
1466057978738	addons.xpi	DEBUG	Registering manifest for C:\Program Files (x86)\Mozilla Firefox\browser\features\e10srollout@mozilla.org.xpi
1466057978739	addons.xpi	DEBUG	Loading bootstrap scope from C:\Program Files (x86)\Mozilla Firefox\browser\features\e10srollout@mozilla.org.xpi
1466057978751	addons.xpi	DEBUG	Calling bootstrap method startup on e10srollout@mozilla.org version 1.0
1466057978752	addons.xpi	DEBUG	Registering manifest for C:\Program Files (x86)\Mozilla Firefox\browser\features\firefox@getpocket.com.xpi
1466057978753	addons.xpi	DEBUG	Loading bootstrap scope from C:\Program Files (x86)\Mozilla Firefox\browser\features\firefox@getpocket.com.xpi
1466057978757	addons.xpi	DEBUG	Calling bootstrap method startup on firefox@getpocket.com version 1.0.2
1466057978764	addons.xpi-utils	DEBUG	Starting async load of XPI database C:\Users\nvupkoor\AppData\Local\Temp\anonymous3242441964891497702webdriver-profile\extensions.json
1466057978765	addons.xpi	DEBUG	Registering manifest for C:\Program Files (x86)\Mozilla Firefox\browser\features\loop@mozilla.org.xpi
1466057978766	addons.xpi	DEBUG	Loading bootstrap scope from C:\Program Files (x86)\Mozilla Firefox\browser\features\loop@mozilla.org.xpi
1466057978771	addons.xpi	DEBUG	Calling bootstrap method startup on loop@mozilla.org version 1.3.2
1466057978792	addons.manager	DEBUG	Registering shutdown blocker for XPIProvider
1466057978792	addons.manager	DEBUG	Provider finished startup: XPIProvider
1466057978792	addons.manager	DEBUG	Starting provider: LightweightThemeManager
1466057978792	addons.manager	DEBUG	Registering shutdown blocker for LightweightThemeManager
1466057978793	addons.manager	DEBUG	Provider finished startup: LightweightThemeManager
1466057978793	addons.manager	DEBUG	Starting provider: GMPProvider
1466057978801	addons.manager	DEBUG	Registering shutdown blocker for GMPProvider
1466057978801	addons.manager	DEBUG	Provider finished startup: GMPProvider
1466057978801	addons.manager	DEBUG	Starting provider: PluginProvider
1466057978801	addons.manager	DEBUG	Registering shutdown blocker for PluginProvider
1466057978802	addons.manager	DEBUG	Provider finished startup: PluginProvider
1466057978802	addons.manager	DEBUG	Completed startup sequence
1466057979124	addons.xpi-utils	DEBUG	Async JSON file read took 0 MS
1466057979124	addons.xpi-utils	DEBUG	Finished async read of XPI database, parsing...
1466057979126	addons.xpi-utils	DEBUG	Successfully read XPI database
1466057979140	addons.manager	DEBUG	Starting provider: <unnamed-provider>
1466057979140	addons.manager	DEBUG	Registering shutdown blocker for <unnamed-provider>
1466057979141	addons.manager	DEBUG	Provider finished startup: <unnamed-provider>
*** Blocklist::_loadBlocklistFromFile: blocklist is disabled
1466057979292	addons.manager	DEBUG	Starting provider: PreviousExperimentProvider
1466057979292	addons.manager	DEBUG	Registering shutdown blocker for PreviousExperimentProvider
1466057979292	addons.manager	DEBUG	Provider finished startup: PreviousExperimentProvider
JavaScript warning: https://normandy.cdn.mozilla.net/static/js/bundles/selfrepair-7575f6d27445b45bcffb.js, line 9825: mutating the [[Prototype]] of an object will cause your code to run very slowly; instead create the object with the correct initial [[Prototype]] value using Object.create

Build info: version: '2.45.0', revision: '5017cb8e7ca8e37638dc3091b2440b90a1d8686f', time: '2015-02-27 09:10:26'
System info: host: 'NVUPKOOR-58LUQ', ip: '10.65.84.175', os.name: 'Windows 7', os.arch: 'amd64', os.version: '6.1', java.version: '1.8.0_77'
Driver info: driver.version: FirefoxDriver
	at org.openqa.selenium.firefox.internal.NewProfileExtensionConnection.start(NewProfileExtensionConnection.java:130)
	at org.openqa.selenium.firefox.FirefoxDriver.startClient(FirefoxDriver.java:246)
	at org.openqa.selenium.remote.RemoteWebDriver.<init>(RemoteWebDriver.java:114)
	at org.openqa.selenium.firefox.FirefoxDriver.<init>(FirefoxDriver.java:191)
	at org.openqa.selenium.firefox.FirefoxDriver.<init>(FirefoxDriver.java:186)
	at org.openqa.selenium.firefox.FirefoxDriver.<init>(FirefoxDriver.java:182)
	at org.openqa.selenium.firefox.FirefoxDriver.<init>(FirefoxDriver.java:95)
	at Example.NewTest.beforeTest(NewTest.java:21)
	at sun.reflect.NativeMethodAccessorImpl.invoke0(Native Method)
	at sun.reflect.NativeMethodAccessorImpl.invoke(NativeMethodAccessorImpl.java:62)
	at sun.reflect.DelegatingMethodAccessorImpl.invoke(DelegatingMethodAccessorImpl.java:43)
	at java.lang.reflect.Method.invoke(Method.java:498)
	at org.testng.internal.MethodInvocationHelper.invokeMethod(MethodInvocationHelper.java:80)
	at org.testng.internal.Invoker.invokeConfigurationMethod(Invoker.java:564)
	at org.testng.internal.Invoker.invokeConfigurations(Invoker.java:213)
	at org.testng.internal.Invoker.invokeConfigurations(Invoker.java:138)
	at org.testng.TestRunner.beforeRun(TestRunner.java:641)
	at org.testng.TestRunner.run(TestRunner.java:609)
	at org.testng.SuiteRunner.runTest(SuiteRunner.java:334)
	at org.testng.SuiteRunner.runSequentially(SuiteRunner.java:329)
	at org.testng.SuiteRunner.privateRun(SuiteRunner.java:291)
	at org.testng.SuiteRunner.run(SuiteRunner.java:240)
	at org.testng.SuiteRunnerWorker.runSuite(SuiteRunnerWorker.java:52)
	at org.testng.SuiteRunnerWorker.run(SuiteRunnerWorker.java:86)
	at org.testng.TestNG.runSuitesSequentially(TestNG.java:1198)
	at org.testng.TestNG.runSuitesLocally(TestNG.java:1123)
	at org.testng.TestNG.run(TestNG.java:1031)
	at org.testng.remote.AbstractRemoteTestNG.run(AbstractRemoteTestNG.java:126)
	at org.testng.remote.RemoteTestNG.initAndRun(RemoteTestNG.java:137)
	at org.testng.remote.RemoteTestNG.main(RemoteTestNG.java:58)
Caused by: org.openqa.selenium.firefox.NotConnectedException: Unable to connect to host 127.0.0.1 on port 7055 after 45000 ms. Firefox console output:
,"app-system-defaults":{"e10srollout@mozilla.org":{"d":"C:\\Program Files (x86)\\Mozilla Firefox\\browser\\features\\e10srollout@mozilla.org.xpi","e":true,"v":"1.0","st":1465096322551},"firefox@getpocket.com":{"d":"C:\\Program Files (x86)\\Mozilla Firefox\\browser\\features\\firefox@getpocket.com.xpi","e":true,"v":"1.0.2","st":1465096322601},"loop@mozilla.org":{"d":"C:\\Program Files (x86)\\Mozilla Firefox\\browser\\features\\loop@mozilla.org.xpi","e":true,"v":"1.3.2","st":1465096322761}},"app-global":{"{972ce4c6-7e08-4474-a285-3208198ce6fd}":{"d":"C:\\Program Files (x86)\\Mozilla Firefox\\browser\\extensions\\{972ce4c6-7e08-4474-a285-3208198ce6fd}.xpi","e":true,"v":"47.0","st":1465096322549}}}
1466057978732	addons.xpi	DEBUG	No changes found
1466057978738	addons.xpi	DEBUG	Registering manifest for C:\Program Files (x86)\Mozilla Firefox\browser\features\e10srollout@mozilla.org.xpi
1466057978739	addons.xpi	DEBUG	Loading bootstrap scope from C:\Program Files (x86)\Mozilla Firefox\browser\features\e10srollout@mozilla.org.xpi
1466057978751	addons.xpi	DEBUG	Calling bootstrap method startup on e10srollout@mozilla.org version 1.0
1466057978752	addons.xpi	DEBUG	Registering manifest for C:\Program Files (x86)\Mozilla Firefox\browser\features\firefox@getpocket.com.xpi
1466057978753	addons.xpi	DEBUG	Loading bootstrap scope from C:\Program Files (x86)\Mozilla Firefox\browser\features\firefox@getpocket.com.xpi
1466057978757	addons.xpi	DEBUG	Calling bootstrap method startup on firefox@getpocket.com version 1.0.2
1466057978764	addons.xpi-utils	DEBUG	Starting async load of XPI database C:\Users\nvupkoor\AppData\Local\Temp\anonymous3242441964891497702webdriver-profile\extensions.json
1466057978765	addons.xpi	DEBUG	Registering manifest for C:\Program Files (x86)\Mozilla Firefox\browser\features\loop@mozilla.org.xpi
1466057978766	addons.xpi	DEBUG	Loading bootstrap scope from C:\Program Files (x86)\Mozilla Firefox\browser\features\loop@mozilla.org.xpi
1466057978771	addons.xpi	DEBUG	Calling bootstrap method startup on loop@mozilla.org version 1.3.2
1466057978792	addons.manager	DEBUG	Registering shutdown blocker for XPIProvider
1466057978792	addons.manager	DEBUG	Provider finished startup: XPIProvider
1466057978792	addons.manager	DEBUG	Starting provider: LightweightThemeManager
1466057978792	addons.manager	DEBUG	Registering shutdown blocker for LightweightThemeManager
1466057978793	addons.manager	DEBUG	Provider finished startup: LightweightThemeManager
1466057978793	addons.manager	DEBUG	Starting provider: GMPProvider
1466057978801	addons.manager	DEBUG	Registering shutdown blocker for GMPProvider
1466057978801	addons.manager	DEBUG	Provider finished startup: GMPProvider
1466057978801	addons.manager	DEBUG	Starting provider: PluginProvider
1466057978801	addons.manager	DEBUG	Registering shutdown blocker for PluginProvider
1466057978802	addons.manager	DEBUG	Provider finished startup: PluginProvider
1466057978802	addons.manager	DEBUG	Completed startup sequence
1466057979124	addons.xpi-utils	DEBUG	Async JSON file read took 0 MS
1466057979124	addons.xpi-utils	DEBUG	Finished async read of XPI database, parsing...
1466057979126	addons.xpi-utils	DEBUG	Successfully read XPI database
1466057979140	addons.manager	DEBUG	Starting provider: <unnamed-provider>
1466057979140	addons.manager	DEBUG	Registering shutdown blocker for <unnamed-provider>
1466057979141	addons.manager	DEBUG	Provider finished startup: <unnamed-provider>
*** Blocklist::_loadBlocklistFromFile: blocklist is disabled
1466057979292	addons.manager	DEBUG	Starting provider: PreviousExperimentProvider
1466057979292	addons.manager	DEBUG	Registering shutdown blocker for PreviousExperimentProvider
1466057979292	addons.manager	DEBUG	Provider finished startup: PreviousExperimentProvider
JavaScript warning: https://normandy.cdn.mozilla.net/static/js/bundles/selfrepair-7575f6d27445b45bcffb.js, line 9825: mutating the [[Prototype]] of an object will cause your code to run very slowly; instead create the object with the correct initial [[Prototype]] value using Object.create

	at org.openqa.selenium.firefox.internal.NewProfileExtensionConnection.start(NewProfileExtensionConnection.java:118)
	... 29 more
]]>
    </failure>
  </testcase> <!-- @BeforeTest beforeTest -->
  <testcase name="@AfterTest afterTest" time="0.0" classname="Example.NewTest">
    <skipped/>
  </testcase> <!-- @AfterTest afterTest -->
  <testcase name="testEasy" time="0.01" classname="Example.NewTest">
    <skipped/>
  </testcase> <!-- testEasy -->
</testsuite> <!-- Default test -->
